04-Oct-2023 15:28:38.621 INFO [main] org.apache.catalina.startup.VersionLoggerListener.log Server version name:   Apache Tomcat/10.1.13
04-Oct-2023 15:28:38.628 INFO [main] org.apache.catalina.startup.VersionLoggerListener.log Server built:          Aug 23 2023 21:34:59 UTC
04-Oct-2023 15:28:38.628 INFO [main] org.apache.catalina.startup.VersionLoggerListener.log Server version number: 10.1.13.0
04-Oct-2023 15:28:38.628 INFO [main] org.apache.catalina.startup.VersionLoggerListener.log OS Name:               Linux
04-Oct-2023 15:28:38.628 INFO [main] org.apache.catalina.startup.VersionLoggerListener.log OS Version:            6.2.0-1012-aws
04-Oct-2023 15:28:38.628 INFO [main] org.apache.catalina.startup.VersionLoggerListener.log Architecture:          amd64
04-Oct-2023 15:28:38.628 INFO [main] org.apache.catalina.startup.VersionLoggerListener.log Java Home:             /usr/lib/jvm/java-11-openjdk-amd64
04-Oct-2023 15:28:38.629 INFO [main] org.apache.catalina.startup.VersionLoggerListener.log JVM Version:           11.0.20.1+1-post-Ubuntu-0ubuntu122.04
04-Oct-2023 15:28:38.629 INFO [main] org.apache.catalina.startup.VersionLoggerListener.log JVM Vendor:            Ubuntu
04-Oct-2023 15:28:38.629 INFO [main] org.apache.catalina.startup.VersionLoggerListener.log CATALINA_BASE:         /home/ubuntu/website/apache-tomcat-10.1.13
04-Oct-2023 15:28:38.629 INFO [main] org.apache.catalina.startup.VersionLoggerListener.log CATALINA_HOME:         /home/ubuntu/website/apache-tomcat-10.1.13
04-Oct-2023 15:28:38.700 INFO [main] org.apache.catalina.startup.VersionLoggerListener.log Command line argument: -Djava.util.logging.config.file=/home/ubuntu/website/apache-tomcat-10.1.13/conf/logging.properties
04-Oct-2023 15:28:38.700 INFO [main] org.apache.catalina.startup.VersionLoggerListener.log Command line argument: -Djava.util.logging.manager=org.apache.juli.ClassLoaderLogManager
04-Oct-2023 15:28:38.700 INFO [main] org.apache.catalina.startup.VersionLoggerListener.log Command line argument: -Djdk.tls.ephemeralDHKeySize=2048
04-Oct-2023 15:28:38.700 INFO [main] org.apache.catalina.startup.VersionLoggerListener.log Command line argument: -Djava.protocol.handler.pkgs=org.apache.catalina.webresources
04-Oct-2023 15:28:38.700 INFO [main] org.apache.catalina.startup.VersionLoggerListener.log Command line argument: -Dorg.apache.catalina.security.SecurityListener.UMASK=0027
04-Oct-2023 15:28:38.700 INFO [main] org.apache.catalina.startup.VersionLoggerListener.log Command line argument: --add-opens=java.base/java.lang=ALL-UNNAMED
04-Oct-2023 15:28:38.701 INFO [main] org.apache.catalina.startup.VersionLoggerListener.log Command line argument: --add-opens=java.base/java.io=ALL-UNNAMED
04-Oct-2023 15:28:38.701 INFO [main] org.apache.catalina.startup.VersionLoggerListener.log Command line argument: --add-opens=java.base/java.util=ALL-UNNAMED
04-Oct-2023 15:28:38.701 INFO [main] org.apache.catalina.startup.VersionLoggerListener.log Command line argument: --add-opens=java.base/java.util.concurrent=ALL-UNNAMED
04-Oct-2023 15:28:38.701 INFO [main] org.apache.catalina.startup.VersionLoggerListener.log Command line argument: --add-opens=java.rmi/sun.rmi.transport=ALL-UNNAMED
04-Oct-2023 15:28:38.701 INFO [main] org.apache.catalina.startup.VersionLoggerListener.log Command line argument: -Dcatalina.base=/home/ubuntu/website/apache-tomcat-10.1.13
04-Oct-2023 15:28:38.701 INFO [main] org.apache.catalina.startup.VersionLoggerListener.log Command line argument: -Dcatalina.home=/home/ubuntu/website/apache-tomcat-10.1.13
04-Oct-2023 15:28:38.701 INFO [main] org.apache.catalina.startup.VersionLoggerListener.log Command line argument: -Djava.io.tmpdir=/home/ubuntu/website/apache-tomcat-10.1.13/temp
04-Oct-2023 15:28:38.706 INFO [main] org.apache.catalina.core.AprLifecycleListener.lifecycleEvent The Apache Tomcat Native library which allows using OpenSSL was not found on the java.library.path: [/usr/java/packages/lib:/usr/lib/x86_64-linux-gnu/jni:/lib/x86_64-linux-gnu:/usr/lib/x86_64-linux-gnu:/usr/lib/jni:/lib:/usr/lib]
04-Oct-2023 15:28:39.501 INFO [main] org.apache.coyote.AbstractProtocol.init Initializing ProtocolHandler ["http-nio-8080"]
04-Oct-2023 15:28:39.580 INFO [main] org.apache.catalina.startup.Catalina.load Server initialization in [1571] milliseconds
04-Oct-2023 15:28:39.703 INFO [main] org.apache.catalina.core.StandardService.startInternal Starting service [Catalina]
04-Oct-2023 15:28:39.704 INFO [main] org.apache.catalina.core.StandardEngine.startInternal Starting Servlet engine: [Apache Tomcat/10.1.13]
04-Oct-2023 15:28:39.733 INFO [main] org.apache.catalina.startup.HostConfig.deployDirectory Deploying web application directory [/home/ubuntu/website/apache-tomcat-10.1.13/webapps/examples]
04-Oct-2023 15:28:40.978 INFO [main] org.apache.catalina.startup.HostConfig.deployDirectory Deployment of web application directory [/home/ubuntu/website/apache-tomcat-10.1.13/webapps/examples] has finished in [1,245] ms
04-Oct-2023 15:28:40.979 INFO [main] org.apache.catalina.startup.HostConfig.deployDirectory Deploying web application directory [/home/ubuntu/website/apache-tomcat-10.1.13/webapps/host-manager]
04-Oct-2023 15:28:41.033 INFO [main] org.apache.catalina.startup.HostConfig.deployDirectory Deployment of web application directory [/home/ubuntu/website/apache-tomcat-10.1.13/webapps/host-manager] has finished in [54] ms
04-Oct-2023 15:28:41.038 INFO [main] org.apache.catalina.startup.HostConfig.deployDirectory Deploying web application directory [/home/ubuntu/website/apache-tomcat-10.1.13/webapps/ROOT]
04-Oct-2023 15:28:41.083 INFO [main] org.apache.catalina.startup.HostConfig.deployDirectory Deployment of web application directory [/home/ubuntu/website/apache-tomcat-10.1.13/webapps/ROOT] has finished in [45] ms
04-Oct-2023 15:28:41.085 INFO [main] org.apache.catalina.startup.HostConfig.deployDirectory Deploying web application directory [/home/ubuntu/website/apache-tomcat-10.1.13/webapps/docs]
04-Oct-2023 15:28:41.126 INFO [main] org.apache.catalina.startup.HostConfig.deployDirectory Deployment of web application directory [/home/ubuntu/website/apache-tomcat-10.1.13/webapps/docs] has finished in [41] ms
04-Oct-2023 15:28:41.126 INFO [main] org.apache.catalina.startup.HostConfig.deployDirectory Deploying web application directory [/home/ubuntu/website/apache-tomcat-10.1.13/webapps/manager]
04-Oct-2023 15:28:41.169 INFO [main] org.apache.catalina.startup.HostConfig.deployDirectory Deployment of web application directory [/home/ubuntu/website/apache-tomcat-10.1.13/webapps/manager] has finished in [43] ms
04-Oct-2023 15:28:41.179 INFO [main] org.apache.coyote.AbstractProtocol.start Starting ProtocolHandler ["http-nio-8080"]
04-Oct-2023 15:28:41.219 INFO [main] org.apache.catalina.startup.Catalina.start Server startup in [1638] milliseconds
04-Oct-2023 15:36:38.405 INFO [main] org.apache.catalina.startup.VersionLoggerListener.log Server version name:   Apache Tomcat/10.1.13
04-Oct-2023 15:36:38.422 INFO [main] org.apache.catalina.startup.VersionLoggerListener.log Server built:          Aug 23 2023 21:34:59 UTC
04-Oct-2023 15:36:38.422 INFO [main] org.apache.catalina.startup.VersionLoggerListener.log Server version number: 10.1.13.0
04-Oct-2023 15:36:38.423 INFO [main] org.apache.catalina.startup.VersionLoggerListener.log OS Name:               Linux
04-Oct-2023 15:36:38.423 INFO [main] org.apache.catalina.startup.VersionLoggerListener.log OS Version:            6.2.0-1012-aws
04-Oct-2023 15:36:38.423 INFO [main] org.apache.catalina.startup.VersionLoggerListener.log Architecture:          amd64
04-Oct-2023 15:36:38.423 INFO [main] org.apache.catalina.startup.VersionLoggerListener.log Java Home:             /usr/lib/jvm/java-11-openjdk-amd64
04-Oct-2023 15:36:38.423 INFO [main] org.apache.catalina.startup.VersionLoggerListener.log JVM Version:           11.0.20.1+1-post-Ubuntu-0ubuntu122.04
04-Oct-2023 15:36:38.424 INFO [main] org.apache.catalina.startup.VersionLoggerListener.log JVM Vendor:            Ubuntu
04-Oct-2023 15:36:38.424 INFO [main] org.apache.catalina.startup.VersionLoggerListener.log CATALINA_BASE:         /home/ubuntu/website/apache-tomcat-10.1.13
04-Oct-2023 15:36:38.424 INFO [main] org.apache.catalina.startup.VersionLoggerListener.log CATALINA_HOME:         /home/ubuntu/website/apache-tomcat-10.1.13
04-Oct-2023 15:36:38.463 INFO [main] org.apache.catalina.startup.VersionLoggerListener.log Command line argument: -Djava.util.logging.config.file=/home/ubuntu/website/apache-tomcat-10.1.13/conf/logging.properties
04-Oct-2023 15:36:38.470 INFO [main] org.apache.catalina.startup.VersionLoggerListener.log Command line argument: -Djava.util.logging.manager=org.apache.juli.ClassLoaderLogManager
04-Oct-2023 15:36:38.472 INFO [main] org.apache.catalina.startup.VersionLoggerListener.log Command line argument: -Djdk.tls.ephemeralDHKeySize=2048
04-Oct-2023 15:36:38.473 INFO [main] org.apache.catalina.startup.VersionLoggerListener.log Command line argument: -Djava.protocol.handler.pkgs=org.apache.catalina.webresources
04-Oct-2023 15:36:38.473 INFO [main] org.apache.catalina.startup.VersionLoggerListener.log Command line argument: -Dorg.apache.catalina.security.SecurityListener.UMASK=0027
04-Oct-2023 15:36:38.473 INFO [main] org.apache.catalina.startup.VersionLoggerListener.log Command line argument: --add-opens=java.base/java.lang=ALL-UNNAMED
04-Oct-2023 15:36:38.473 INFO [main] org.apache.catalina.startup.VersionLoggerListener.log Command line argument: --add-opens=java.base/java.io=ALL-UNNAMED
04-Oct-2023 15:36:38.473 INFO [main] org.apache.catalina.startup.VersionLoggerListener.log Command line argument: --add-opens=java.base/java.util=ALL-UNNAMED
04-Oct-2023 15:36:38.473 INFO [main] org.apache.catalina.startup.VersionLoggerListener.log Command line argument: --add-opens=java.base/java.util.concurrent=ALL-UNNAMED
04-Oct-2023 15:36:38.473 INFO [main] org.apache.catalina.startup.VersionLoggerListener.log Command line argument: --add-opens=java.rmi/sun.rmi.transport=ALL-UNNAMED
04-Oct-2023 15:36:38.473 INFO [main] org.apache.catalina.startup.VersionLoggerListener.log Command line argument: -Dcatalina.base=/home/ubuntu/website/apache-tomcat-10.1.13
04-Oct-2023 15:36:38.475 INFO [main] org.apache.catalina.startup.VersionLoggerListener.log Command line argument: -Dcatalina.home=/home/ubuntu/website/apache-tomcat-10.1.13
04-Oct-2023 15:36:38.475 INFO [main] org.apache.catalina.startup.VersionLoggerListener.log Command line argument: -Djava.io.tmpdir=/home/ubuntu/website/apache-tomcat-10.1.13/temp
04-Oct-2023 15:36:38.476 INFO [main] org.apache.catalina.core.AprLifecycleListener.lifecycleEvent The Apache Tomcat Native library which allows using OpenSSL was not found on the java.library.path: [/usr/java/packages/lib:/usr/lib/x86_64-linux-gnu/jni:/lib/x86_64-linux-gnu:/usr/lib/x86_64-linux-gnu:/usr/lib/jni:/lib:/usr/lib]
04-Oct-2023 15:36:39.215 INFO [main] org.apache.coyote.AbstractProtocol.init Initializing ProtocolHandler ["http-nio-8086"]
04-Oct-2023 15:36:39.290 INFO [main] org.apache.catalina.startup.Catalina.load Server initialization in [1476] milliseconds
04-Oct-2023 15:36:39.401 INFO [main] org.apache.catalina.core.StandardService.startInternal Starting service [Catalina]
04-Oct-2023 15:36:39.401 INFO [main] org.apache.catalina.core.StandardEngine.startInternal Starting Servlet engine: [Apache Tomcat/10.1.13]
04-Oct-2023 15:36:39.429 INFO [main] org.apache.catalina.startup.HostConfig.deployDirectory Deploying web application directory [/home/ubuntu/website/apache-tomcat-10.1.13/webapps/examples]
04-Oct-2023 15:36:40.685 INFO [main] org.apache.catalina.startup.HostConfig.deployDirectory Deployment of web application directory [/home/ubuntu/website/apache-tomcat-10.1.13/webapps/examples] has finished in [1,256] ms
04-Oct-2023 15:36:40.686 INFO [main] org.apache.catalina.startup.HostConfig.deployDirectory Deploying web application directory [/home/ubuntu/website/apache-tomcat-10.1.13/webapps/host-manager]
04-Oct-2023 15:36:40.740 INFO [main] org.apache.catalina.startup.HostConfig.deployDirectory Deployment of web application directory [/home/ubuntu/website/apache-tomcat-10.1.13/webapps/host-manager] has finished in [54] ms
04-Oct-2023 15:36:40.750 INFO [main] org.apache.catalina.startup.HostConfig.deployDirectory Deploying web application directory [/home/ubuntu/website/apache-tomcat-10.1.13/webapps/ROOT]
04-Oct-2023 15:36:40.789 INFO [main] org.apache.catalina.startup.HostConfig.deployDirectory Deployment of web application directory [/home/ubuntu/website/apache-tomcat-10.1.13/webapps/ROOT] has finished in [39] ms
04-Oct-2023 15:36:40.790 INFO [main] org.apache.catalina.startup.HostConfig.deployDirectory Deploying web application directory [/home/ubuntu/website/apache-tomcat-10.1.13/webapps/docs]
04-Oct-2023 15:36:40.831 INFO [main] org.apache.catalina.startup.HostConfig.deployDirectory Deployment of web application directory [/home/ubuntu/website/apache-tomcat-10.1.13/webapps/docs] has finished in [41] ms
04-Oct-2023 15:36:40.832 INFO [main] org.apache.catalina.startup.HostConfig.deployDirectory Deploying web application directory [/home/ubuntu/website/apache-tomcat-10.1.13/webapps/manager]
04-Oct-2023 15:36:40.880 INFO [main] org.apache.catalina.startup.HostConfig.deployDirectory Deployment of web application directory [/home/ubuntu/website/apache-tomcat-10.1.13/webapps/manager] has finished in [48] ms
04-Oct-2023 15:36:40.887 INFO [main] org.apache.coyote.AbstractProtocol.start Starting ProtocolHandler ["http-nio-8086"]
04-Oct-2023 15:36:40.927 INFO [main] org.apache.catalina.startup.Catalina.start Server startup in [1637] milliseconds
04-Oct-2023 15:36:40.931 SEVERE [main] org.apache.catalina.core.StandardServer.await Failed to create server shutdown socket on address [localhost] and port [8005] (base port [8005] and offset [0])
	java.net.BindException: Address already in use (Bind failed)
		at java.base/java.net.PlainSocketImpl.socketBind(Native Method)
		at java.base/java.net.AbstractPlainSocketImpl.bind(AbstractPlainSocketImpl.java:452)
		at java.base/java.net.ServerSocket.bind(ServerSocket.java:395)
		at java.base/java.net.ServerSocket.<init>(ServerSocket.java:257)
		at org.apache.catalina.core.StandardServer.await(StandardServer.java:578)
		at org.apache.catalina.startup.Catalina.await(Catalina.java:887)
		at org.apache.catalina.startup.Catalina.start(Catalina.java:833)
		at java.base/jdk.internal.reflect.NativeMethodAccessorImpl.invoke0(Native Method)
		at java.base/jdk.internal.reflect.NativeMethodAccessorImpl.invoke(NativeMethodAccessorImpl.java:62)
		at java.base/jdk.internal.reflect.DelegatingMethodAccessorImpl.invoke(DelegatingMethodAccessorImpl.java:43)
		at java.base/java.lang.reflect.Method.invoke(Method.java:566)
		at org.apache.catalina.startup.Bootstrap.start(Bootstrap.java:347)
		at org.apache.catalina.startup.Bootstrap.main(Bootstrap.java:478)
04-Oct-2023 15:36:40.934 INFO [main] org.apache.coyote.AbstractProtocol.pause Pausing ProtocolHandler ["http-nio-8086"]
04-Oct-2023 15:36:40.943 INFO [main] org.apache.catalina.core.StandardService.stopInternal Stopping service [Catalina]
04-Oct-2023 15:36:40.991 INFO [main] org.apache.coyote.AbstractProtocol.stop Stopping ProtocolHandler ["http-nio-8086"]
04-Oct-2023 15:36:41.009 INFO [main] org.apache.coyote.AbstractProtocol.destroy Destroying ProtocolHandler ["http-nio-8086"]
04-Oct-2023 15:40:32.963 INFO [main] org.apache.catalina.startup.VersionLoggerListener.log Server version name:   Apache Tomcat/10.1.13
04-Oct-2023 15:40:32.977 INFO [main] org.apache.catalina.startup.VersionLoggerListener.log Server built:          Aug 23 2023 21:34:59 UTC
04-Oct-2023 15:40:32.979 INFO [main] org.apache.catalina.startup.VersionLoggerListener.log Server version number: 10.1.13.0
04-Oct-2023 15:40:32.980 INFO [main] org.apache.catalina.startup.VersionLoggerListener.log OS Name:               Linux
04-Oct-2023 15:40:32.980 INFO [main] org.apache.catalina.startup.VersionLoggerListener.log OS Version:            6.2.0-1012-aws
04-Oct-2023 15:40:32.980 INFO [main] org.apache.catalina.startup.VersionLoggerListener.log Architecture:          amd64
04-Oct-2023 15:40:32.981 INFO [main] org.apache.catalina.startup.VersionLoggerListener.log Java Home:             /usr/lib/jvm/java-11-openjdk-amd64
04-Oct-2023 15:40:32.981 INFO [main] org.apache.catalina.startup.VersionLoggerListener.log JVM Version:           11.0.20.1+1-post-Ubuntu-0ubuntu122.04
04-Oct-2023 15:40:32.981 INFO [main] org.apache.catalina.startup.VersionLoggerListener.log JVM Vendor:            Ubuntu
04-Oct-2023 15:40:32.981 INFO [main] org.apache.catalina.startup.VersionLoggerListener.log CATALINA_BASE:         /home/ubuntu/website/apache-tomcat-10.1.13
04-Oct-2023 15:40:32.983 INFO [main] org.apache.catalina.startup.VersionLoggerListener.log CATALINA_HOME:         /home/ubuntu/website/apache-tomcat-10.1.13
04-Oct-2023 15:40:33.020 INFO [main] org.apache.catalina.startup.VersionLoggerListener.log Command line argument: -Djava.util.logging.config.file=/home/ubuntu/website/apache-tomcat-10.1.13/conf/logging.properties
04-Oct-2023 15:40:33.021 INFO [main] org.apache.catalina.startup.VersionLoggerListener.log Command line argument: -Djava.util.logging.manager=org.apache.juli.ClassLoaderLogManager
04-Oct-2023 15:40:33.025 INFO [main] org.apache.catalina.startup.VersionLoggerListener.log Command line argument: -Djdk.tls.ephemeralDHKeySize=2048
04-Oct-2023 15:40:33.028 INFO [main] org.apache.catalina.startup.VersionLoggerListener.log Command line argument: -Djava.protocol.handler.pkgs=org.apache.catalina.webresources
04-Oct-2023 15:40:33.028 INFO [main] org.apache.catalina.startup.VersionLoggerListener.log Command line argument: -Dorg.apache.catalina.security.SecurityListener.UMASK=0027
04-Oct-2023 15:40:33.028 INFO [main] org.apache.catalina.startup.VersionLoggerListener.log Command line argument: --add-opens=java.base/java.lang=ALL-UNNAMED
04-Oct-2023 15:40:33.028 INFO [main] org.apache.catalina.startup.VersionLoggerListener.log Command line argument: --add-opens=java.base/java.io=ALL-UNNAMED
04-Oct-2023 15:40:33.029 INFO [main] org.apache.catalina.startup.VersionLoggerListener.log Command line argument: --add-opens=java.base/java.util=ALL-UNNAMED
04-Oct-2023 15:40:33.029 INFO [main] org.apache.catalina.startup.VersionLoggerListener.log Command line argument: --add-opens=java.base/java.util.concurrent=ALL-UNNAMED
04-Oct-2023 15:40:33.029 INFO [main] org.apache.catalina.startup.VersionLoggerListener.log Command line argument: --add-opens=java.rmi/sun.rmi.transport=ALL-UNNAMED
04-Oct-2023 15:40:33.029 INFO [main] org.apache.catalina.startup.VersionLoggerListener.log Command line argument: -Dcatalina.base=/home/ubuntu/website/apache-tomcat-10.1.13
04-Oct-2023 15:40:33.029 INFO [main] org.apache.catalina.startup.VersionLoggerListener.log Command line argument: -Dcatalina.home=/home/ubuntu/website/apache-tomcat-10.1.13
04-Oct-2023 15:40:33.029 INFO [main] org.apache.catalina.startup.VersionLoggerListener.log Command line argument: -Djava.io.tmpdir=/home/ubuntu/website/apache-tomcat-10.1.13/temp
04-Oct-2023 15:40:33.032 INFO [main] org.apache.catalina.core.AprLifecycleListener.lifecycleEvent The Apache Tomcat Native library which allows using OpenSSL was not found on the java.library.path: [/usr/java/packages/lib:/usr/lib/x86_64-linux-gnu/jni:/lib/x86_64-linux-gnu:/usr/lib/x86_64-linux-gnu:/usr/lib/jni:/lib:/usr/lib]
04-Oct-2023 15:40:33.786 INFO [main] org.apache.coyote.AbstractProtocol.init Initializing ProtocolHandler ["http-nio-8086"]
04-Oct-2023 15:40:33.858 INFO [main] org.apache.catalina.startup.Catalina.load Server initialization in [1468] milliseconds
04-Oct-2023 15:40:33.965 INFO [main] org.apache.catalina.core.StandardService.startInternal Starting service [Catalina]
04-Oct-2023 15:40:33.965 INFO [main] org.apache.catalina.core.StandardEngine.startInternal Starting Servlet engine: [Apache Tomcat/10.1.13]
04-Oct-2023 15:40:33.992 INFO [main] org.apache.catalina.startup.HostConfig.deployDirectory Deploying web application directory [/home/ubuntu/website/apache-tomcat-10.1.13/webapps/examples]
04-Oct-2023 15:40:35.243 INFO [main] org.apache.catalina.startup.HostConfig.deployDirectory Deployment of web application directory [/home/ubuntu/website/apache-tomcat-10.1.13/webapps/examples] has finished in [1,251] ms
04-Oct-2023 15:40:35.244 INFO [main] org.apache.catalina.startup.HostConfig.deployDirectory Deploying web application directory [/home/ubuntu/website/apache-tomcat-10.1.13/webapps/host-manager]
04-Oct-2023 15:40:35.297 INFO [main] org.apache.catalina.startup.HostConfig.deployDirectory Deployment of web application directory [/home/ubuntu/website/apache-tomcat-10.1.13/webapps/host-manager] has finished in [53] ms
04-Oct-2023 15:40:35.302 INFO [main] org.apache.catalina.startup.HostConfig.deployDirectory Deploying web application directory [/home/ubuntu/website/apache-tomcat-10.1.13/webapps/ROOT]
04-Oct-2023 15:40:35.348 INFO [main] org.apache.catalina.startup.HostConfig.deployDirectory Deployment of web application directory [/home/ubuntu/website/apache-tomcat-10.1.13/webapps/ROOT] has finished in [46] ms
04-Oct-2023 15:40:35.354 INFO [main] org.apache.catalina.startup.HostConfig.deployDirectory Deploying web application directory [/home/ubuntu/website/apache-tomcat-10.1.13/webapps/docs]
04-Oct-2023 15:40:35.391 INFO [main] org.apache.catalina.startup.HostConfig.deployDirectory Deployment of web application directory [/home/ubuntu/website/apache-tomcat-10.1.13/webapps/docs] has finished in [37] ms
04-Oct-2023 15:40:35.391 INFO [main] org.apache.catalina.startup.HostConfig.deployDirectory Deploying web application directory [/home/ubuntu/website/apache-tomcat-10.1.13/webapps/manager]
04-Oct-2023 15:40:35.438 INFO [main] org.apache.catalina.startup.HostConfig.deployDirectory Deployment of web application directory [/home/ubuntu/website/apache-tomcat-10.1.13/webapps/manager] has finished in [47] ms
04-Oct-2023 15:40:35.449 INFO [main] org.apache.coyote.AbstractProtocol.start Starting ProtocolHandler ["http-nio-8086"]
04-Oct-2023 15:40:35.487 INFO [main] org.apache.catalina.startup.Catalina.start Server startup in [1629] milliseconds
04-Oct-2023 15:40:35.491 SEVERE [main] org.apache.catalina.core.StandardServer.await Failed to create server shutdown socket on address [localhost] and port [8005] (base port [8005] and offset [0])
	java.net.BindException: Address already in use (Bind failed)
		at java.base/java.net.PlainSocketImpl.socketBind(Native Method)
		at java.base/java.net.AbstractPlainSocketImpl.bind(AbstractPlainSocketImpl.java:452)
		at java.base/java.net.ServerSocket.bind(ServerSocket.java:395)
		at java.base/java.net.ServerSocket.<init>(ServerSocket.java:257)
		at org.apache.catalina.core.StandardServer.await(StandardServer.java:578)
		at org.apache.catalina.startup.Catalina.await(Catalina.java:887)
		at org.apache.catalina.startup.Catalina.start(Catalina.java:833)
		at java.base/jdk.internal.reflect.NativeMethodAccessorImpl.invoke0(Native Method)
		at java.base/jdk.internal.reflect.NativeMethodAccessorImpl.invoke(NativeMethodAccessorImpl.java:62)
		at java.base/jdk.internal.reflect.DelegatingMethodAccessorImpl.invoke(DelegatingMethodAccessorImpl.java:43)
		at java.base/java.lang.reflect.Method.invoke(Method.java:566)
		at org.apache.catalina.startup.Bootstrap.start(Bootstrap.java:347)
		at org.apache.catalina.startup.Bootstrap.main(Bootstrap.java:478)
04-Oct-2023 15:40:35.493 INFO [main] org.apache.coyote.AbstractProtocol.pause Pausing ProtocolHandler ["http-nio-8086"]
04-Oct-2023 15:40:35.502 INFO [main] org.apache.catalina.core.StandardService.stopInternal Stopping service [Catalina]
04-Oct-2023 15:40:35.548 INFO [main] org.apache.coyote.AbstractProtocol.stop Stopping ProtocolHandler ["http-nio-8086"]
04-Oct-2023 15:40:35.562 INFO [main] org.apache.coyote.AbstractProtocol.destroy Destroying ProtocolHandler ["http-nio-8086"]
04-Oct-2023 15:41:28.920 INFO [main] org.apache.catalina.startup.VersionLoggerListener.log Server version name:   Apache Tomcat/10.1.13
04-Oct-2023 15:41:28.934 INFO [main] org.apache.catalina.startup.VersionLoggerListener.log Server built:          Aug 23 2023 21:34:59 UTC
04-Oct-2023 15:41:28.934 INFO [main] org.apache.catalina.startup.VersionLoggerListener.log Server version number: 10.1.13.0
04-Oct-2023 15:41:28.934 INFO [main] org.apache.catalina.startup.VersionLoggerListener.log OS Name:               Linux
04-Oct-2023 15:41:28.934 INFO [main] org.apache.catalina.startup.VersionLoggerListener.log OS Version:            6.2.0-1012-aws
04-Oct-2023 15:41:28.934 INFO [main] org.apache.catalina.startup.VersionLoggerListener.log Architecture:          amd64
04-Oct-2023 15:41:28.935 INFO [main] org.apache.catalina.startup.VersionLoggerListener.log Java Home:             /usr/lib/jvm/java-11-openjdk-amd64
04-Oct-2023 15:41:28.935 INFO [main] org.apache.catalina.startup.VersionLoggerListener.log JVM Version:           11.0.20.1+1-post-Ubuntu-0ubuntu122.04
04-Oct-2023 15:41:28.935 INFO [main] org.apache.catalina.startup.VersionLoggerListener.log JVM Vendor:            Ubuntu
04-Oct-2023 15:41:28.935 INFO [main] org.apache.catalina.startup.VersionLoggerListener.log CATALINA_BASE:         /home/ubuntu/website/apache-tomcat-10.1.13
04-Oct-2023 15:41:28.935 INFO [main] org.apache.catalina.startup.VersionLoggerListener.log CATALINA_HOME:         /home/ubuntu/website/apache-tomcat-10.1.13
04-Oct-2023 15:41:28.974 INFO [main] org.apache.catalina.startup.VersionLoggerListener.log Command line argument: -Djava.util.logging.config.file=/home/ubuntu/website/apache-tomcat-10.1.13/conf/logging.properties
04-Oct-2023 15:41:28.974 INFO [main] org.apache.catalina.startup.VersionLoggerListener.log Command line argument: -Djava.util.logging.manager=org.apache.juli.ClassLoaderLogManager
04-Oct-2023 15:41:28.974 INFO [main] org.apache.catalina.startup.VersionLoggerListener.log Command line argument: -Djdk.tls.ephemeralDHKeySize=2048
04-Oct-2023 15:41:28.974 INFO [main] org.apache.catalina.startup.VersionLoggerListener.log Command line argument: -Djava.protocol.handler.pkgs=org.apache.catalina.webresources
04-Oct-2023 15:41:28.974 INFO [main] org.apache.catalina.startup.VersionLoggerListener.log Command line argument: -Dorg.apache.catalina.security.SecurityListener.UMASK=0027
04-Oct-2023 15:41:28.974 INFO [main] org.apache.catalina.startup.VersionLoggerListener.log Command line argument: --add-opens=java.base/java.lang=ALL-UNNAMED
04-Oct-2023 15:41:28.975 INFO [main] org.apache.catalina.startup.VersionLoggerListener.log Command line argument: --add-opens=java.base/java.io=ALL-UNNAMED
04-Oct-2023 15:41:28.975 INFO [main] org.apache.catalina.startup.VersionLoggerListener.log Command line argument: --add-opens=java.base/java.util=ALL-UNNAMED
04-Oct-2023 15:41:28.975 INFO [main] org.apache.catalina.startup.VersionLoggerListener.log Command line argument: --add-opens=java.base/java.util.concurrent=ALL-UNNAMED
04-Oct-2023 15:41:28.975 INFO [main] org.apache.catalina.startup.VersionLoggerListener.log Command line argument: --add-opens=java.rmi/sun.rmi.transport=ALL-UNNAMED
04-Oct-2023 15:41:28.975 INFO [main] org.apache.catalina.startup.VersionLoggerListener.log Command line argument: -Dcatalina.base=/home/ubuntu/website/apache-tomcat-10.1.13
04-Oct-2023 15:41:28.975 INFO [main] org.apache.catalina.startup.VersionLoggerListener.log Command line argument: -Dcatalina.home=/home/ubuntu/website/apache-tomcat-10.1.13
04-Oct-2023 15:41:28.975 INFO [main] org.apache.catalina.startup.VersionLoggerListener.log Command line argument: -Djava.io.tmpdir=/home/ubuntu/website/apache-tomcat-10.1.13/temp
04-Oct-2023 15:41:28.976 INFO [main] org.apache.catalina.core.AprLifecycleListener.lifecycleEvent The Apache Tomcat Native library which allows using OpenSSL was not found on the java.library.path: [/usr/java/packages/lib:/usr/lib/x86_64-linux-gnu/jni:/lib/x86_64-linux-gnu:/usr/lib/x86_64-linux-gnu:/usr/lib/jni:/lib:/usr/lib]
04-Oct-2023 15:41:29.721 INFO [main] org.apache.coyote.AbstractProtocol.init Initializing ProtocolHandler ["http-nio-8086"]
04-Oct-2023 15:41:29.790 INFO [main] org.apache.catalina.startup.Catalina.load Server initialization in [1432] milliseconds
04-Oct-2023 15:41:29.898 INFO [main] org.apache.catalina.core.StandardService.startInternal Starting service [Catalina]
04-Oct-2023 15:41:29.902 INFO [main] org.apache.catalina.core.StandardEngine.startInternal Starting Servlet engine: [Apache Tomcat/10.1.13]
04-Oct-2023 15:41:29.928 INFO [main] org.apache.catalina.startup.HostConfig.deployDirectory Deploying web application directory [/home/ubuntu/website/apache-tomcat-10.1.13/webapps/examples]
04-Oct-2023 15:41:31.145 INFO [main] org.apache.catalina.startup.HostConfig.deployDirectory Deployment of web application directory [/home/ubuntu/website/apache-tomcat-10.1.13/webapps/examples] has finished in [1,213] ms
04-Oct-2023 15:41:31.146 INFO [main] org.apache.catalina.startup.HostConfig.deployDirectory Deploying web application directory [/home/ubuntu/website/apache-tomcat-10.1.13/webapps/host-manager]
04-Oct-2023 15:41:31.203 INFO [main] org.apache.catalina.startup.HostConfig.deployDirectory Deployment of web application directory [/home/ubuntu/website/apache-tomcat-10.1.13/webapps/host-manager] has finished in [56] ms
04-Oct-2023 15:41:31.210 INFO [main] org.apache.catalina.startup.HostConfig.deployDirectory Deploying web application directory [/home/ubuntu/website/apache-tomcat-10.1.13/webapps/ROOT]
04-Oct-2023 15:41:31.258 INFO [main] org.apache.catalina.startup.HostConfig.deployDirectory Deployment of web application directory [/home/ubuntu/website/apache-tomcat-10.1.13/webapps/ROOT] has finished in [39] ms
04-Oct-2023 15:41:31.260 INFO [main] org.apache.catalina.startup.HostConfig.deployDirectory Deploying web application directory [/home/ubuntu/website/apache-tomcat-10.1.13/webapps/docs]
04-Oct-2023 15:41:31.292 INFO [main] org.apache.catalina.startup.HostConfig.deployDirectory Deployment of web application directory [/home/ubuntu/website/apache-tomcat-10.1.13/webapps/docs] has finished in [33] ms
04-Oct-2023 15:41:31.293 INFO [main] org.apache.catalina.startup.HostConfig.deployDirectory Deploying web application directory [/home/ubuntu/website/apache-tomcat-10.1.13/webapps/manager]
04-Oct-2023 15:41:31.345 INFO [main] org.apache.catalina.startup.HostConfig.deployDirectory Deployment of web application directory [/home/ubuntu/website/apache-tomcat-10.1.13/webapps/manager] has finished in [52] ms
04-Oct-2023 15:41:31.353 INFO [main] org.apache.coyote.AbstractProtocol.start Starting ProtocolHandler ["http-nio-8086"]
04-Oct-2023 15:41:31.390 INFO [main] org.apache.catalina.startup.Catalina.start Server startup in [1600] milliseconds
04-Oct-2023 15:41:31.393 SEVERE [main] org.apache.catalina.core.StandardServer.await Failed to create server shutdown socket on address [localhost] and port [8005] (base port [8005] and offset [0])
	java.net.BindException: Address already in use (Bind failed)
		at java.base/java.net.PlainSocketImpl.socketBind(Native Method)
		at java.base/java.net.AbstractPlainSocketImpl.bind(AbstractPlainSocketImpl.java:452)
		at java.base/java.net.ServerSocket.bind(ServerSocket.java:395)
		at java.base/java.net.ServerSocket.<init>(ServerSocket.java:257)
		at org.apache.catalina.core.StandardServer.await(StandardServer.java:578)
		at org.apache.catalina.startup.Catalina.await(Catalina.java:887)
		at org.apache.catalina.startup.Catalina.start(Catalina.java:833)
		at java.base/jdk.internal.reflect.NativeMethodAccessorImpl.invoke0(Native Method)
		at java.base/jdk.internal.reflect.NativeMethodAccessorImpl.invoke(NativeMethodAccessorImpl.java:62)
		at java.base/jdk.internal.reflect.DelegatingMethodAccessorImpl.invoke(DelegatingMethodAccessorImpl.java:43)
		at java.base/java.lang.reflect.Method.invoke(Method.java:566)
		at org.apache.catalina.startup.Bootstrap.start(Bootstrap.java:347)
		at org.apache.catalina.startup.Bootstrap.main(Bootstrap.java:478)
04-Oct-2023 15:41:31.395 INFO [main] org.apache.coyote.AbstractProtocol.pause Pausing ProtocolHandler ["http-nio-8086"]
04-Oct-2023 15:41:31.401 INFO [main] org.apache.catalina.core.StandardService.stopInternal Stopping service [Catalina]
04-Oct-2023 15:41:31.450 INFO [main] org.apache.coyote.AbstractProtocol.stop Stopping ProtocolHandler ["http-nio-8086"]
04-Oct-2023 15:41:31.457 INFO [main] org.apache.coyote.AbstractProtocol.destroy Destroying ProtocolHandler ["http-nio-8086"]
04-Oct-2023 15:43:58.430 INFO [main] org.apache.catalina.startup.VersionLoggerListener.log Server version name:   Apache Tomcat/10.1.13
04-Oct-2023 15:43:58.441 INFO [main] org.apache.catalina.startup.VersionLoggerListener.log Server built:          Aug 23 2023 21:34:59 UTC
04-Oct-2023 15:43:58.443 INFO [main] org.apache.catalina.startup.VersionLoggerListener.log Server version number: 10.1.13.0
04-Oct-2023 15:43:58.443 INFO [main] org.apache.catalina.startup.VersionLoggerListener.log OS Name:               Linux
04-Oct-2023 15:43:58.443 INFO [main] org.apache.catalina.startup.VersionLoggerListener.log OS Version:            6.2.0-1012-aws
04-Oct-2023 15:43:58.443 INFO [main] org.apache.catalina.startup.VersionLoggerListener.log Architecture:          amd64
04-Oct-2023 15:43:58.447 INFO [main] org.apache.catalina.startup.VersionLoggerListener.log Java Home:             /usr/lib/jvm/java-11-openjdk-amd64
04-Oct-2023 15:43:58.448 INFO [main] org.apache.catalina.startup.VersionLoggerListener.log JVM Version:           11.0.20.1+1-post-Ubuntu-0ubuntu122.04
04-Oct-2023 15:43:58.448 INFO [main] org.apache.catalina.startup.VersionLoggerListener.log JVM Vendor:            Ubuntu
04-Oct-2023 15:43:58.448 INFO [main] org.apache.catalina.startup.VersionLoggerListener.log CATALINA_BASE:         /home/ubuntu/website/apache-tomcat-10.1.13
04-Oct-2023 15:43:58.448 INFO [main] org.apache.catalina.startup.VersionLoggerListener.log CATALINA_HOME:         /home/ubuntu/website/apache-tomcat-10.1.13
04-Oct-2023 15:43:58.482 INFO [main] org.apache.catalina.startup.VersionLoggerListener.log Command line argument: -Djava.util.logging.config.file=/home/ubuntu/website/apache-tomcat-10.1.13/conf/logging.properties
04-Oct-2023 15:43:58.483 INFO [main] org.apache.catalina.startup.VersionLoggerListener.log Command line argument: -Djava.util.logging.manager=org.apache.juli.ClassLoaderLogManager
04-Oct-2023 15:43:58.484 INFO [main] org.apache.catalina.startup.VersionLoggerListener.log Command line argument: -Djdk.tls.ephemeralDHKeySize=2048
04-Oct-2023 15:43:58.487 INFO [main] org.apache.catalina.startup.VersionLoggerListener.log Command line argument: -Djava.protocol.handler.pkgs=org.apache.catalina.webresources
04-Oct-2023 15:43:58.487 INFO [main] org.apache.catalina.startup.VersionLoggerListener.log Command line argument: -Dorg.apache.catalina.security.SecurityListener.UMASK=0027
04-Oct-2023 15:43:58.487 INFO [main] org.apache.catalina.startup.VersionLoggerListener.log Command line argument: --add-opens=java.base/java.lang=ALL-UNNAMED
04-Oct-2023 15:43:58.487 INFO [main] org.apache.catalina.startup.VersionLoggerListener.log Command line argument: --add-opens=java.base/java.io=ALL-UNNAMED
04-Oct-2023 15:43:58.487 INFO [main] org.apache.catalina.startup.VersionLoggerListener.log Command line argument: --add-opens=java.base/java.util=ALL-UNNAMED
04-Oct-2023 15:43:58.487 INFO [main] org.apache.catalina.startup.VersionLoggerListener.log Command line argument: --add-opens=java.base/java.util.concurrent=ALL-UNNAMED
04-Oct-2023 15:43:58.487 INFO [main] org.apache.catalina.startup.VersionLoggerListener.log Command line argument: --add-opens=java.rmi/sun.rmi.transport=ALL-UNNAMED
04-Oct-2023 15:43:58.487 INFO [main] org.apache.catalina.startup.VersionLoggerListener.log Command line argument: -Dcatalina.base=/home/ubuntu/website/apache-tomcat-10.1.13
04-Oct-2023 15:43:58.487 INFO [main] org.apache.catalina.startup.VersionLoggerListener.log Command line argument: -Dcatalina.home=/home/ubuntu/website/apache-tomcat-10.1.13
04-Oct-2023 15:43:58.487 INFO [main] org.apache.catalina.startup.VersionLoggerListener.log Command line argument: -Djava.io.tmpdir=/home/ubuntu/website/apache-tomcat-10.1.13/temp
04-Oct-2023 15:43:58.489 INFO [main] org.apache.catalina.core.AprLifecycleListener.lifecycleEvent The Apache Tomcat Native library which allows using OpenSSL was not found on the java.library.path: [/usr/java/packages/lib:/usr/lib/x86_64-linux-gnu/jni:/lib/x86_64-linux-gnu:/usr/lib/x86_64-linux-gnu:/usr/lib/jni:/lib:/usr/lib]
04-Oct-2023 15:43:59.243 INFO [main] org.apache.coyote.AbstractProtocol.init Initializing ProtocolHandler ["http-nio-8080"]
04-Oct-2023 15:43:59.278 SEVERE [main] org.apache.catalina.util.LifecycleBase.handleSubClassException Failed to initialize component [Connector["http-nio-8080"]]
	org.apache.catalina.LifecycleException: Protocol handler initialization failed
		at org.apache.catalina.connector.Connector.initInternal(Connector.java:1015)
		at org.apache.catalina.util.LifecycleBase.init(LifecycleBase.java:127)
		at org.apache.catalina.core.StandardService.initInternal(StandardService.java:554)
		at org.apache.catalina.util.LifecycleBase.init(LifecycleBase.java:127)
		at org.apache.catalina.core.StandardServer.initInternal(StandardServer.java:1011)
		at org.apache.catalina.util.LifecycleBase.init(LifecycleBase.java:127)
		at org.apache.catalina.startup.Catalina.load(Catalina.java:747)
		at org.apache.catalina.startup.Catalina.load(Catalina.java:769)
		at java.base/jdk.internal.reflect.NativeMethodAccessorImpl.invoke0(Native Method)
		at java.base/jdk.internal.reflect.NativeMethodAccessorImpl.invoke(NativeMethodAccessorImpl.java:62)
		at java.base/jdk.internal.reflect.DelegatingMethodAccessorImpl.invoke(DelegatingMethodAccessorImpl.java:43)
		at java.base/java.lang.reflect.Method.invoke(Method.java:566)
		at org.apache.catalina.startup.Bootstrap.load(Bootstrap.java:307)
		at org.apache.catalina.startup.Bootstrap.main(Bootstrap.java:477)
	Caused by: java.net.BindException: Address already in use
		at java.base/sun.nio.ch.Net.bind0(Native Method)
		at java.base/sun.nio.ch.Net.bind(Net.java:459)
		at java.base/sun.nio.ch.Net.bind(Net.java:448)
		at java.base/sun.nio.ch.ServerSocketChannelImpl.bind(ServerSocketChannelImpl.java:227)
		at org.apache.tomcat.util.net.NioEndpoint.initServerSocket(NioEndpoint.java:247)
		at org.apache.tomcat.util.net.NioEndpoint.bind(NioEndpoint.java:202)
		at org.apache.tomcat.util.net.AbstractEndpoint.bindWithCleanup(AbstractEndpoint.java:1278)
		at org.apache.tomcat.util.net.AbstractEndpoint.init(AbstractEndpoint.java:1291)
		at org.apache.coyote.AbstractProtocol.init(AbstractProtocol.java:622)
		at org.apache.coyote.http11.AbstractHttp11Protocol.init(AbstractHttp11Protocol.java:77)
		at org.apache.catalina.connector.Connector.initInternal(Connector.java:1013)
		... 13 more
04-Oct-2023 15:43:59.279 INFO [main] org.apache.catalina.startup.Catalina.load Server initialization in [1419] milliseconds
04-Oct-2023 15:43:59.399 INFO [main] org.apache.catalina.core.StandardService.startInternal Starting service [Catalina]
04-Oct-2023 15:43:59.400 INFO [main] org.apache.catalina.core.StandardEngine.startInternal Starting Servlet engine: [Apache Tomcat/10.1.13]
04-Oct-2023 15:43:59.432 INFO [main] org.apache.catalina.startup.HostConfig.deployDirectory Deploying web application directory [/home/ubuntu/website/apache-tomcat-10.1.13/webapps/examples]
04-Oct-2023 15:44:00.734 INFO [main] org.apache.catalina.startup.HostConfig.deployDirectory Deployment of web application directory [/home/ubuntu/website/apache-tomcat-10.1.13/webapps/examples] has finished in [1,299] ms
04-Oct-2023 15:44:00.735 INFO [main] org.apache.catalina.startup.HostConfig.deployDirectory Deploying web application directory [/home/ubuntu/website/apache-tomcat-10.1.13/webapps/host-manager]
04-Oct-2023 15:44:00.789 INFO [main] org.apache.catalina.startup.HostConfig.deployDirectory Deployment of web application directory [/home/ubuntu/website/apache-tomcat-10.1.13/webapps/host-manager] has finished in [54] ms
04-Oct-2023 15:44:00.798 INFO [main] org.apache.catalina.startup.HostConfig.deployDirectory Deploying web application directory [/home/ubuntu/website/apache-tomcat-10.1.13/webapps/ROOT]
04-Oct-2023 15:44:00.842 INFO [main] org.apache.catalina.startup.HostConfig.deployDirectory Deployment of web application directory [/home/ubuntu/website/apache-tomcat-10.1.13/webapps/ROOT] has finished in [44] ms
04-Oct-2023 15:44:00.842 INFO [main] org.apache.catalina.startup.HostConfig.deployDirectory Deploying web application directory [/home/ubuntu/website/apache-tomcat-10.1.13/webapps/docs]
04-Oct-2023 15:44:00.886 INFO [main] org.apache.catalina.startup.HostConfig.deployDirectory Deployment of web application directory [/home/ubuntu/website/apache-tomcat-10.1.13/webapps/docs] has finished in [44] ms
04-Oct-2023 15:44:00.887 INFO [main] org.apache.catalina.startup.HostConfig.deployDirectory Deploying web application directory [/home/ubuntu/website/apache-tomcat-10.1.13/webapps/manager]
04-Oct-2023 15:44:00.930 INFO [main] org.apache.catalina.startup.HostConfig.deployDirectory Deployment of web application directory [/home/ubuntu/website/apache-tomcat-10.1.13/webapps/manager] has finished in [44] ms
04-Oct-2023 15:44:00.944 INFO [main] org.apache.catalina.startup.Catalina.start Server startup in [1664] milliseconds
04-Oct-2023 15:44:00.948 SEVERE [main] org.apache.catalina.core.StandardServer.await Failed to create server shutdown socket on address [localhost] and port [8005] (base port [8005] and offset [0])
	java.net.BindException: Address already in use (Bind failed)
		at java.base/java.net.PlainSocketImpl.socketBind(Native Method)
		at java.base/java.net.AbstractPlainSocketImpl.bind(AbstractPlainSocketImpl.java:452)
		at java.base/java.net.ServerSocket.bind(ServerSocket.java:395)
		at java.base/java.net.ServerSocket.<init>(ServerSocket.java:257)
		at org.apache.catalina.core.StandardServer.await(StandardServer.java:578)
		at org.apache.catalina.startup.Catalina.await(Catalina.java:887)
		at org.apache.catalina.startup.Catalina.start(Catalina.java:833)
		at java.base/jdk.internal.reflect.NativeMethodAccessorImpl.invoke0(Native Method)
		at java.base/jdk.internal.reflect.NativeMethodAccessorImpl.invoke(NativeMethodAccessorImpl.java:62)
		at java.base/jdk.internal.reflect.DelegatingMethodAccessorImpl.invoke(DelegatingMethodAccessorImpl.java:43)
		at java.base/java.lang.reflect.Method.invoke(Method.java:566)
		at org.apache.catalina.startup.Bootstrap.start(Bootstrap.java:347)
		at org.apache.catalina.startup.Bootstrap.main(Bootstrap.java:478)
04-Oct-2023 15:44:00.954 INFO [main] org.apache.coyote.AbstractProtocol.pause Pausing ProtocolHandler ["http-nio-8080"]
04-Oct-2023 15:44:00.954 INFO [main] org.apache.catalina.core.StandardService.stopInternal Stopping service [Catalina]
04-Oct-2023 15:44:01.003 INFO [main] org.apache.coyote.AbstractProtocol.stop Stopping ProtocolHandler ["http-nio-8080"]
04-Oct-2023 15:44:01.006 INFO [main] org.apache.coyote.AbstractProtocol.destroy Destroying ProtocolHandler ["http-nio-8080"]
04-Oct-2023 15:44:50.824 INFO [http-nio-8080-exec-6] org.apache.coyote.http11.Http11Processor.service Error parsing HTTP request header
 Note: further occurrences of HTTP request parsing errors will be logged at DEBUG level.
	java.lang.IllegalArgumentException: Invalid character found in method name [0x160x030x010x02:0x010x000x0260x030x030x9e0x1d0x07pDo0x05G0xady0xa3w0x98<0xd9O0x1ag0xe60xafd0xa1n0xc50xec0x0c0x090xe2CV0xc9n ]. HTTP method names must be tokens
		at org.apache.coyote.http11.Http11InputBuffer.parseRequestLine(Http11InputBuffer.java:407)
		at org.apache.coyote.http11.Http11Processor.service(Http11Processor.java:264)
		at org.apache.coyote.AbstractProcessorLight.process(AbstractProcessorLight.java:63)
		at org.apache.coyote.AbstractProtocol$ConnectionHandler.process(AbstractProtocol.java:894)
		at org.apache.tomcat.util.net.NioEndpoint$SocketProcessor.doRun(NioEndpoint.java:1740)
		at org.apache.tomcat.util.net.SocketProcessorBase.run(SocketProcessorBase.java:52)
		at org.apache.tomcat.util.threads.ThreadPoolExecutor.runWorker(ThreadPoolExecutor.java:1191)
		at org.apache.tomcat.util.threads.ThreadPoolExecutor$Worker.run(ThreadPoolExecutor.java:659)
		at org.apache.tomcat.util.threads.TaskThread$WrappingRunnable.run(TaskThread.java:61)
		at java.base/java.lang.Thread.run(Thread.java:829)
04-Oct-2023 15:47:51.351 INFO [Catalina-utility-2] org.apache.catalina.users.MemoryUserDatabase.backgroundProcess Reloading memory user database [UserDatabase] from updated source [file:/home/ubuntu/website/apache-tomcat-10.1.13/conf/tomcat-users.xml]
04-Oct-2023 15:50:51.378 INFO [Catalina-utility-1] org.apache.catalina.startup.HostConfig.undeploy Undeploying context [/manager]
04-Oct-2023 15:50:51.405 INFO [Catalina-utility-1] org.apache.catalina.startup.HostConfig.deployDirectory Deploying web application directory [/home/ubuntu/website/apache-tomcat-10.1.13/webapps/manager]
04-Oct-2023 15:50:51.452 INFO [Catalina-utility-1] org.apache.catalina.startup.HostConfig.deployDirectory Deployment of web application directory [/home/ubuntu/website/apache-tomcat-10.1.13/webapps/manager] has finished in [47] ms
04-Oct-2023 15:52:01.463 INFO [Catalina-utility-1] org.apache.catalina.startup.HostConfig.undeploy Undeploying context [/host-manager]
04-Oct-2023 15:52:01.478 INFO [Catalina-utility-1] org.apache.catalina.startup.HostConfig.deployDirectory Deploying web application directory [/home/ubuntu/website/apache-tomcat-10.1.13/webapps/host-manager]
04-Oct-2023 15:52:01.520 INFO [Catalina-utility-1] org.apache.catalina.startup.HostConfig.deployDirectory Deployment of web application directory [/home/ubuntu/website/apache-tomcat-10.1.13/webapps/host-manager] has finished in [42] ms
04-Oct-2023 15:55:51.545 INFO [Catalina-utility-2] org.apache.catalina.startup.HostConfig.deployWAR Deploying web application archive [/home/ubuntu/website/apache-tomcat-10.1.13/webapps/hello-world-war-1.0.0.war]
04-Oct-2023 15:55:51.616 INFO [Catalina-utility-2] org.apache.catalina.startup.HostConfig.deployWAR Deployment of web application archive [/home/ubuntu/website/apache-tomcat-10.1.13/webapps/hello-world-war-1.0.0.war] has finished in [71] ms
04-Oct-2023 15:59:00.602 INFO [main] org.apache.catalina.core.StandardServer.await A valid shutdown command was received via the shutdown port. Stopping the Server instance.
04-Oct-2023 15:59:00.602 INFO [main] org.apache.coyote.AbstractProtocol.pause Pausing ProtocolHandler ["http-nio-8080"]
04-Oct-2023 15:59:00.609 INFO [main] org.apache.catalina.core.StandardService.stopInternal Stopping service [Catalina]
04-Oct-2023 15:59:00.675 INFO [main] org.apache.coyote.AbstractProtocol.stop Stopping ProtocolHandler ["http-nio-8080"]
04-Oct-2023 15:59:00.682 INFO [main] org.apache.coyote.AbstractProtocol.destroy Destroying ProtocolHandler ["http-nio-8080"]
04-Oct-2023 16:00:48.148 INFO [main] org.apache.catalina.startup.VersionLoggerListener.log Server version name:   Apache Tomcat/10.1.13
04-Oct-2023 16:00:48.151 INFO [main] org.apache.catalina.startup.VersionLoggerListener.log Server built:          Aug 23 2023 21:34:59 UTC
04-Oct-2023 16:00:48.151 INFO [main] org.apache.catalina.startup.VersionLoggerListener.log Server version number: 10.1.13.0
04-Oct-2023 16:00:48.151 INFO [main] org.apache.catalina.startup.VersionLoggerListener.log OS Name:               Linux
04-Oct-2023 16:00:48.151 INFO [main] org.apache.catalina.startup.VersionLoggerListener.log OS Version:            6.2.0-1012-aws
04-Oct-2023 16:00:48.151 INFO [main] org.apache.catalina.startup.VersionLoggerListener.log Architecture:          amd64
04-Oct-2023 16:00:48.152 INFO [main] org.apache.catalina.startup.VersionLoggerListener.log Java Home:             /usr/lib/jvm/java-11-openjdk-amd64
04-Oct-2023 16:00:48.152 INFO [main] org.apache.catalina.startup.VersionLoggerListener.log JVM Version:           11.0.20.1+1-post-Ubuntu-0ubuntu122.04
04-Oct-2023 16:00:48.152 INFO [main] org.apache.catalina.startup.VersionLoggerListener.log JVM Vendor:            Ubuntu
04-Oct-2023 16:00:48.152 INFO [main] org.apache.catalina.startup.VersionLoggerListener.log CATALINA_BASE:         /home/ubuntu/website/apache-tomcat-10.1.13
04-Oct-2023 16:00:48.152 INFO [main] org.apache.catalina.startup.VersionLoggerListener.log CATALINA_HOME:         /home/ubuntu/website/apache-tomcat-10.1.13
04-Oct-2023 16:00:48.199 INFO [main] org.apache.catalina.startup.VersionLoggerListener.log Command line argument: -Djava.util.logging.config.file=/home/ubuntu/website/apache-tomcat-10.1.13/conf/logging.properties
04-Oct-2023 16:00:48.200 INFO [main] org.apache.catalina.startup.VersionLoggerListener.log Command line argument: -Djava.util.logging.manager=org.apache.juli.ClassLoaderLogManager
04-Oct-2023 16:00:48.200 INFO [main] org.apache.catalina.startup.VersionLoggerListener.log Command line argument: -Djdk.tls.ephemeralDHKeySize=2048
04-Oct-2023 16:00:48.200 INFO [main] org.apache.catalina.startup.VersionLoggerListener.log Command line argument: -Djava.protocol.handler.pkgs=org.apache.catalina.webresources
04-Oct-2023 16:00:48.200 INFO [main] org.apache.catalina.startup.VersionLoggerListener.log Command line argument: -Dorg.apache.catalina.security.SecurityListener.UMASK=0027
04-Oct-2023 16:00:48.200 INFO [main] org.apache.catalina.startup.VersionLoggerListener.log Command line argument: --add-opens=java.base/java.lang=ALL-UNNAMED
04-Oct-2023 16:00:48.200 INFO [main] org.apache.catalina.startup.VersionLoggerListener.log Command line argument: --add-opens=java.base/java.io=ALL-UNNAMED
04-Oct-2023 16:00:48.200 INFO [main] org.apache.catalina.startup.VersionLoggerListener.log Command line argument: --add-opens=java.base/java.util=ALL-UNNAMED
04-Oct-2023 16:00:48.200 INFO [main] org.apache.catalina.startup.VersionLoggerListener.log Command line argument: --add-opens=java.base/java.util.concurrent=ALL-UNNAMED
04-Oct-2023 16:00:48.200 INFO [main] org.apache.catalina.startup.VersionLoggerListener.log Command line argument: --add-opens=java.rmi/sun.rmi.transport=ALL-UNNAMED
04-Oct-2023 16:00:48.201 INFO [main] org.apache.catalina.startup.VersionLoggerListener.log Command line argument: -Dcatalina.base=/home/ubuntu/website/apache-tomcat-10.1.13
04-Oct-2023 16:00:48.201 INFO [main] org.apache.catalina.startup.VersionLoggerListener.log Command line argument: -Dcatalina.home=/home/ubuntu/website/apache-tomcat-10.1.13
04-Oct-2023 16:00:48.201 INFO [main] org.apache.catalina.startup.VersionLoggerListener.log Command line argument: -Djava.io.tmpdir=/home/ubuntu/website/apache-tomcat-10.1.13/temp
04-Oct-2023 16:00:48.210 INFO [main] org.apache.catalina.core.AprLifecycleListener.lifecycleEvent The Apache Tomcat Native library which allows using OpenSSL was not found on the java.library.path: [/usr/java/packages/lib:/usr/lib/x86_64-linux-gnu/jni:/lib/x86_64-linux-gnu:/usr/lib/x86_64-linux-gnu:/usr/lib/jni:/lib:/usr/lib]
04-Oct-2023 16:00:48.963 INFO [main] org.apache.coyote.AbstractProtocol.init Initializing ProtocolHandler ["http-nio-8090"]
04-Oct-2023 16:00:49.038 INFO [main] org.apache.catalina.startup.Catalina.load Server initialization in [1443] milliseconds
04-Oct-2023 16:00:49.151 INFO [main] org.apache.catalina.core.StandardService.startInternal Starting service [Catalina]
04-Oct-2023 16:00:49.158 INFO [main] org.apache.catalina.core.StandardEngine.startInternal Starting Servlet engine: [Apache Tomcat/10.1.13]
04-Oct-2023 16:00:49.216 INFO [main] org.apache.catalina.startup.HostConfig.deployWAR Deploying web application archive [/home/ubuntu/website/apache-tomcat-10.1.13/webapps/hello-world-war-1.0.0.war]
04-Oct-2023 16:00:49.983 INFO [main] org.apache.catalina.startup.HostConfig.deployWAR Deployment of web application archive [/home/ubuntu/website/apache-tomcat-10.1.13/webapps/hello-world-war-1.0.0.war] has finished in [767] ms
04-Oct-2023 16:00:49.984 INFO [main] org.apache.catalina.startup.HostConfig.deployDirectory Deploying web application directory [/home/ubuntu/website/apache-tomcat-10.1.13/webapps/examples]
04-Oct-2023 16:00:50.514 INFO [main] org.apache.catalina.startup.HostConfig.deployDirectory Deployment of web application directory [/home/ubuntu/website/apache-tomcat-10.1.13/webapps/examples] has finished in [530] ms
04-Oct-2023 16:00:50.514 INFO [main] org.apache.catalina.startup.HostConfig.deployDirectory Deploying web application directory [/home/ubuntu/website/apache-tomcat-10.1.13/webapps/host-manager]
04-Oct-2023 16:00:50.574 INFO [main] org.apache.catalina.startup.HostConfig.deployDirectory Deployment of web application directory [/home/ubuntu/website/apache-tomcat-10.1.13/webapps/host-manager] has finished in [60] ms
04-Oct-2023 16:00:50.574 INFO [main] org.apache.catalina.startup.HostConfig.deployDirectory Deploying web application directory [/home/ubuntu/website/apache-tomcat-10.1.13/webapps/ROOT]
04-Oct-2023 16:00:50.612 INFO [main] org.apache.catalina.startup.HostConfig.deployDirectory Deployment of web application directory [/home/ubuntu/website/apache-tomcat-10.1.13/webapps/ROOT] has finished in [37] ms
04-Oct-2023 16:00:50.612 INFO [main] org.apache.catalina.startup.HostConfig.deployDirectory Deploying web application directory [/home/ubuntu/website/apache-tomcat-10.1.13/webapps/docs]
04-Oct-2023 16:00:50.649 INFO [main] org.apache.catalina.startup.HostConfig.deployDirectory Deployment of web application directory [/home/ubuntu/website/apache-tomcat-10.1.13/webapps/docs] has finished in [37] ms
04-Oct-2023 16:00:50.650 INFO [main] org.apache.catalina.startup.HostConfig.deployDirectory Deploying web application directory [/home/ubuntu/website/apache-tomcat-10.1.13/webapps/manager]
04-Oct-2023 16:00:50.701 INFO [main] org.apache.catalina.startup.HostConfig.deployDirectory Deployment of web application directory [/home/ubuntu/website/apache-tomcat-10.1.13/webapps/manager] has finished in [51] ms
04-Oct-2023 16:00:50.711 INFO [main] org.apache.coyote.AbstractProtocol.start Starting ProtocolHandler ["http-nio-8090"]
04-Oct-2023 16:00:50.750 INFO [main] org.apache.catalina.startup.Catalina.start Server startup in [1711] milliseconds
04-Oct-2023 16:08:20.812 INFO [Catalina-utility-2] org.apache.catalina.startup.HostConfig.undeploy Undeploying context [/hello-world-war-1.0.0]
04-Oct-2023 16:08:20.832 INFO [Catalina-utility-2] org.apache.catalina.startup.HostConfig.deployWAR Deploying web application archive [/home/ubuntu/website/apache-tomcat-10.1.13/webapps/hello-world-war-1.0.0.war]
04-Oct-2023 16:08:20.878 INFO [Catalina-utility-2] org.apache.catalina.startup.HostConfig.deployWAR Deployment of web application archive [/home/ubuntu/website/apache-tomcat-10.1.13/webapps/hello-world-war-1.0.0.war] has finished in [46] ms
04-Oct-2023 16:09:30.890 INFO [Catalina-utility-2] org.apache.catalina.startup.HostConfig.deployWAR Deploying web application archive [/home/ubuntu/website/apache-tomcat-10.1.13/webapps/ahello-world-war-1.0.0.war]
04-Oct-2023 16:09:30.937 INFO [Catalina-utility-2] org.apache.catalina.startup.HostConfig.deployWAR Deployment of web application archive [/home/ubuntu/website/apache-tomcat-10.1.13/webapps/ahello-world-war-1.0.0.war] has finished in [47] ms
04-Oct-2023 16:21:21.538 INFO [Catalina-utility-1] org.apache.catalina.startup.HostConfig.undeploy Undeploying context [/ahello-world-war-1.0.0]
04-Oct-2023 16:21:32.055 INFO [Catalina-utility-2] org.apache.catalina.startup.HostConfig.undeploy Undeploying context [/hello-world-war-1.0.0]
04-Oct-2023 16:22:42.076 INFO [Catalina-utility-1] org.apache.catalina.startup.HostConfig.deployWAR Deploying web application archive [/home/ubuntu/website/apache-tomcat-10.1.13/webapps/new.war]
04-Oct-2023 16:22:42.126 INFO [Catalina-utility-1] org.apache.catalina.startup.HostConfig.deployWAR Deployment of web application archive [/home/ubuntu/website/apache-tomcat-10.1.13/webapps/new.war] has finished in [50] ms
04-Oct-2023 17:06:12.384 INFO [Catalina-utility-1] org.apache.catalina.startup.HostConfig.deployWAR Deploying web application archive [/home/ubuntu/website/apache-tomcat-10.1.13/webapps/hello-1.0.war]
04-Oct-2023 17:06:12.418 INFO [Catalina-utility-1] org.apache.catalina.startup.HostConfig.deployWAR Deployment of web application archive [/home/ubuntu/website/apache-tomcat-10.1.13/webapps/hello-1.0.war] has finished in [34] ms
04-Oct-2023 17:38:24.292 INFO [Thread-1] org.apache.coyote.AbstractProtocol.pause Pausing ProtocolHandler ["http-nio-8090"]
04-Oct-2023 17:38:24.307 INFO [Thread-1] org.apache.catalina.core.StandardService.stopInternal Stopping service [Catalina]
04-Oct-2023 17:38:24.430 INFO [Thread-1] org.apache.coyote.AbstractProtocol.stop Stopping ProtocolHandler ["http-nio-8090"]
04-Oct-2023 17:38:24.450 INFO [Thread-1] org.apache.coyote.AbstractProtocol.destroy Destroying ProtocolHandler ["http-nio-8090"]
